04-03-12:08:00--[nioEventLoopGroup-3-1]--[INFO]--[filter]:/127.0.0.1:61829建立连接
04-03-12:09:50--[nioEventLoopGroup-3-3]--[INFO]--[filter]:/127.0.0.1:61905建立连接
04-03-12:09:50--[nioEventLoopGroup-3-2]--[INFO]--[filter]:/127.0.0.1:61867建立连接
04-03-12:09:50--[nioEventLoopGroup-3-2]--[ERROR]--[filter]:远程主机强迫关闭了一个现有的连接。
04-03-12:09:50--[nioEventLoopGroup-3-2]--[INFO]--[filter]:/127.0.0.1:61867断开连接
04-03-12:10:18--[nioEventLoopGroup-3-1]--[INFO]--[filter]:/127.0.0.1:61994建立连接
04-03-12:14:38--[nioEventLoopGroup-3-1]--[INFO]--[filter]:/127.0.0.1:62078建立连接
04-03-12:59:38--[nioEventLoopGroup-3-3]--[INFO]--[filter]:/0:0:0:0:0:0:0:1:62236建立连接
04-03-12:59:38--[nioEventLoopGroup-3-2]--[INFO]--[filter]:/0:0:0:0:0:0:0:1:62235建立连接
04-03-12:59:38--[nioEventLoopGroup-3-2]--[INFO]--[filter]:非IM消息,使用html解析
04-03-12:59:38--[nioEventLoopGroup-3-2]--[INFO]--[filter]:/0:0:0:0:0:0:0:1:62235断开连接
04-03-12:59:39--[nioEventLoopGroup-3-3]--[INFO]--[filter]:非IM消息,使用html解析
04-03-12:59:39--[nioEventLoopGroup-3-3]--[INFO]--[filter]:/0:0:0:0:0:0:0:1:62236断开连接
04-03-13:02:00--[nioEventLoopGroup-3-2]--[INFO]--[filter]:/0:0:0:0:0:0:0:1:56956建立连接
04-03-13:02:00--[nioEventLoopGroup-3-1]--[INFO]--[filter]:/0:0:0:0:0:0:0:1:56955建立连接
04-03-13:02:00--[nioEventLoopGroup-3-1]--[INFO]--[filter]:/0:0:0:0:0:0:0:1:56955断开连接
04-03-13:02:00--[nioEventLoopGroup-3-2]--[INFO]--[filter]:非IM消息,使用html解析
04-03-13:03:26--[nioEventLoopGroup-3-2]--[INFO]--[filter]:/0:0:0:0:0:0:0:1:56956断开连接
04-03-13:05:23--[nioEventLoopGroup-3-3]--[INFO]--[filter]:/0:0:0:0:0:0:0:1:59860建立连接
04-03-13:05:23--[nioEventLoopGroup-3-4]--[INFO]--[filter]:/0:0:0:0:0:0:0:1:59861建立连接
04-03-13:05:23--[nioEventLoopGroup-3-3]--[INFO]--[filter]:/0:0:0:0:0:0:0:1:59860断开连接
04-03-13:05:23--[nioEventLoopGroup-3-4]--[INFO]--[filter]:非IM消息,使用html解析
04-03-13:05:23--[nioEventLoopGroup-3-4]--[INFO]--[filter]:/0:0:0:0:0:0:0:1:59861断开连接
04-03-13:06:37--[nioEventLoopGroup-3-5]--[INFO]--[filter]:/0:0:0:0:0:0:0:1:55547建立连接
04-03-13:06:37--[nioEventLoopGroup-3-6]--[INFO]--[filter]:/0:0:0:0:0:0:0:1:55548建立连接
04-03-13:06:37--[nioEventLoopGroup-3-5]--[INFO]--[filter]:/0:0:0:0:0:0:0:1:55547断开连接
04-03-13:06:37--[nioEventLoopGroup-3-6]--[INFO]--[filter]:非IM消息,使用html解析
04-03-13:06:37--[nioEventLoopGroup-3-6]--[INFO]--[filter]:/0:0:0:0:0:0:0:1:55548断开连接
04-03-13:07:08--[nioEventLoopGroup-3-7]--[INFO]--[filter]:/0:0:0:0:0:0:0:1:55549建立连接
04-03-13:07:08--[nioEventLoopGroup-3-8]--[INFO]--[filter]:/0:0:0:0:0:0:0:1:55551建立连接
04-03-13:07:08--[nioEventLoopGroup-3-8]--[INFO]--[filter]:非IM消息,使用html解析
04-03-13:07:08--[nioEventLoopGroup-3-7]--[INFO]--[filter]:/0:0:0:0:0:0:0:1:55549断开连接
04-03-13:07:08--[nioEventLoopGroup-3-8]--[INFO]--[filter]:/0:0:0:0:0:0:0:1:55551断开连接
04-03-13:07:17--[nioEventLoopGroup-3-1]--[INFO]--[filter]:/0:0:0:0:0:0:0:1:55552建立连接
04-03-13:07:17--[nioEventLoopGroup-3-2]--[INFO]--[filter]:/0:0:0:0:0:0:0:1:55553建立连接
04-03-13:07:17--[nioEventLoopGroup-3-1]--[INFO]--[filter]:/0:0:0:0:0:0:0:1:55552断开连接
04-03-13:07:17--[nioEventLoopGroup-3-2]--[INFO]--[filter]:非IM消息,使用html解析
04-03-13:08:01--[nioEventLoopGroup-3-3]--[INFO]--[filter]:/0:0:0:0:0:0:0:1:55554建立连接
04-03-13:08:01--[nioEventLoopGroup-3-4]--[INFO]--[filter]:/0:0:0:0:0:0:0:1:55555建立连接
04-03-13:08:01--[nioEventLoopGroup-3-5]--[INFO]--[filter]:/0:0:0:0:0:0:0:1:55557建立连接
04-03-13:08:01--[nioEventLoopGroup-3-6]--[INFO]--[filter]:/0:0:0:0:0:0:0:1:55558建立连接
04-03-13:08:01--[nioEventLoopGroup-3-4]--[INFO]--[filter]:非IM消息,使用html解析
04-03-13:08:01--[nioEventLoopGroup-3-3]--[INFO]--[filter]:/0:0:0:0:0:0:0:1:55554断开连接
04-03-13:08:01--[nioEventLoopGroup-3-5]--[INFO]--[filter]:/0:0:0:0:0:0:0:1:55557断开连接
04-03-13:08:01--[nioEventLoopGroup-3-6]--[INFO]--[filter]:非IM消息,使用html解析
04-03-13:08:01--[nioEventLoopGroup-3-6]--[INFO]--[filter]:/0:0:0:0:0:0:0:1:55558断开连接
04-03-13:08:01--[nioEventLoopGroup-3-2]--[INFO]--[filter]:/0:0:0:0:0:0:0:1:55553断开连接
04-03-13:08:01--[nioEventLoopGroup-3-4]--[INFO]--[filter]:/0:0:0:0:0:0:0:1:55555断开连接
04-03-13:08:03--[nioEventLoopGroup-3-7]--[INFO]--[filter]:/0:0:0:0:0:0:0:1:55561建立连接
04-03-13:08:03--[nioEventLoopGroup-3-8]--[INFO]--[filter]:/0:0:0:0:0:0:0:1:55562建立连接
04-03-13:08:03--[nioEventLoopGroup-3-7]--[INFO]--[filter]:/0:0:0:0:0:0:0:1:55561断开连接
04-03-13:08:03--[nioEventLoopGroup-3-8]--[INFO]--[filter]:非IM消息,使用html解析
04-03-13:08:03--[nioEventLoopGroup-3-8]--[INFO]--[filter]:/0:0:0:0:0:0:0:1:55562断开连接
04-03-13:09:13--[nioEventLoopGroup-3-1]--[INFO]--[filter]:/0:0:0:0:0:0:0:1:65351建立连接
04-03-13:09:13--[nioEventLoopGroup-3-2]--[INFO]--[filter]:/0:0:0:0:0:0:0:1:65352建立连接
04-03-13:09:13--[nioEventLoopGroup-3-2]--[INFO]--[filter]:非IM消息,使用html解析
04-03-13:09:13--[nioEventLoopGroup-3-1]--[INFO]--[filter]:/0:0:0:0:0:0:0:1:65351断开连接
04-03-13:09:36--[nioEventLoopGroup-3-1]--[INFO]--[filter]:/0:0:0:0:0:0:0:1:65414建立连接
04-03-13:09:36--[nioEventLoopGroup-3-2]--[INFO]--[filter]:/0:0:0:0:0:0:0:1:65415建立连接
04-03-13:09:36--[nioEventLoopGroup-3-1]--[INFO]--[filter]:/0:0:0:0:0:0:0:1:65414断开连接
04-03-13:09:36--[nioEventLoopGroup-3-2]--[INFO]--[filter]:非IM消息,使用html解析
04-03-13:09:36--[nioEventLoopGroup-3-2]--[INFO]--[filter]:/0:0:0:0:0:0:0:1:65415断开连接
04-03-13:09:48--[nioEventLoopGroup-3-3]--[INFO]--[filter]:/0:0:0:0:0:0:0:1:65416建立连接
04-03-13:09:48--[nioEventLoopGroup-3-4]--[INFO]--[filter]:/0:0:0:0:0:0:0:1:65417建立连接
04-03-13:09:48--[nioEventLoopGroup-3-4]--[INFO]--[filter]:非IM消息,使用html解析
04-03-13:09:48--[nioEventLoopGroup-3-3]--[INFO]--[filter]:/0:0:0:0:0:0:0:1:65416断开连接
04-03-13:09:48--[nioEventLoopGroup-3-4]--[INFO]--[filter]:/0:0:0:0:0:0:0:1:65417断开连接
04-03-13:09:56--[nioEventLoopGroup-3-6]--[INFO]--[filter]:/0:0:0:0:0:0:0:1:65420建立连接
04-03-13:09:56--[nioEventLoopGroup-3-5]--[INFO]--[filter]:/0:0:0:0:0:0:0:1:65419建立连接
04-03-13:09:56--[nioEventLoopGroup-3-6]--[INFO]--[filter]:非IM消息,使用html解析
04-03-13:09:56--[nioEventLoopGroup-3-5]--[INFO]--[filter]:/0:0:0:0:0:0:0:1:65419断开连接
04-03-13:09:56--[nioEventLoopGroup-3-6]--[INFO]--[filter]:/0:0:0:0:0:0:0:1:65420断开连接
04-03-13:10:40--[nioEventLoopGroup-3-7]--[INFO]--[filter]:/0:0:0:0:0:0:0:1:65422建立连接
04-03-13:10:40--[nioEventLoopGroup-3-8]--[INFO]--[filter]:/0:0:0:0:0:0:0:1:65423建立连接
04-03-13:10:40--[nioEventLoopGroup-3-8]--[INFO]--[filter]:非IM消息,使用html解析
04-03-13:10:40--[nioEventLoopGroup-3-7]--[INFO]--[filter]:/0:0:0:0:0:0:0:1:65422断开连接
04-03-13:10:40--[nioEventLoopGroup-3-8]--[INFO]--[filter]:/0:0:0:0:0:0:0:1:65423断开连接
04-03-13:11:05--[nioEventLoopGroup-3-1]--[INFO]--[filter]:/0:0:0:0:0:0:0:1:65427建立连接
04-03-13:11:05--[nioEventLoopGroup-3-2]--[INFO]--[filter]:/0:0:0:0:0:0:0:1:65428建立连接
04-03-13:11:05--[nioEventLoopGroup-3-1]--[INFO]--[filter]:/0:0:0:0:0:0:0:1:65427断开连接
04-03-13:11:05--[nioEventLoopGroup-3-2]--[INFO]--[filter]:非IM消息,使用html解析
04-03-13:11:05--[nioEventLoopGroup-3-2]--[INFO]--[filter]:/0:0:0:0:0:0:0:1:65428断开连接
04-03-13:11:11--[nioEventLoopGroup-3-3]--[INFO]--[filter]:/0:0:0:0:0:0:0:1:65429建立连接
04-03-13:11:11--[nioEventLoopGroup-3-4]--[INFO]--[filter]:/0:0:0:0:0:0:0:1:65430建立连接
04-03-13:11:11--[nioEventLoopGroup-3-3]--[INFO]--[filter]:/0:0:0:0:0:0:0:1:65429断开连接
04-03-13:11:11--[nioEventLoopGroup-3-4]--[INFO]--[filter]:非IM消息,使用html解析
04-03-13:11:11--[nioEventLoopGroup-3-4]--[INFO]--[filter]:/0:0:0:0:0:0:0:1:65430断开连接
04-03-13:11:23--[nioEventLoopGroup-3-5]--[INFO]--[filter]:/0:0:0:0:0:0:0:1:65432建立连接
04-03-13:11:23--[nioEventLoopGroup-3-6]--[INFO]--[filter]:/0:0:0:0:0:0:0:1:65433建立连接
04-03-13:11:23--[nioEventLoopGroup-3-5]--[INFO]--[filter]:/0:0:0:0:0:0:0:1:65432断开连接
04-03-13:11:23--[nioEventLoopGroup-3-6]--[INFO]--[filter]:非IM消息,使用html解析
04-03-13:11:23--[nioEventLoopGroup-3-6]--[INFO]--[filter]:/0:0:0:0:0:0:0:1:65433断开连接
04-03-13:12:26--[nioEventLoopGroup-3-7]--[INFO]--[filter]:/0:0:0:0:0:0:0:1:51356建立连接
04-03-13:12:26--[nioEventLoopGroup-3-7]--[INFO]--[filter]:/0:0:0:0:0:0:0:1:51356断开连接
04-03-13:12:26--[nioEventLoopGroup-3-8]--[INFO]--[filter]:/0:0:0:0:0:0:0:1:51357建立连接
04-03-13:12:26--[nioEventLoopGroup-3-8]--[INFO]--[filter]:非IM消息,使用html解析
04-03-13:12:26--[nioEventLoopGroup-3-8]--[INFO]--[filter]:/0:0:0:0:0:0:0:1:51357断开连接
04-03-13:12:49--[nioEventLoopGroup-3-1]--[INFO]--[filter]:/0:0:0:0:0:0:0:1:51360建立连接
04-03-13:12:49--[nioEventLoopGroup-3-1]--[INFO]--[filter]:/0:0:0:0:0:0:0:1:51360断开连接
04-03-13:12:49--[nioEventLoopGroup-3-2]--[INFO]--[filter]:/0:0:0:0:0:0:0:1:51361建立连接
04-03-13:12:49--[nioEventLoopGroup-3-2]--[INFO]--[filter]:非IM消息,使用html解析
04-03-13:13:09--[nioEventLoopGroup-3-2]--[INFO]--[filter]:/0:0:0:0:0:0:0:1:51361断开连接
04-03-13:14:36--[nioEventLoopGroup-3-1]--[INFO]--[filter]:/0:0:0:0:0:0:0:1:57882建立连接
04-03-13:14:36--[nioEventLoopGroup-3-2]--[INFO]--[filter]:/0:0:0:0:0:0:0:1:57883建立连接
04-03-13:14:36--[nioEventLoopGroup-3-1]--[INFO]--[filter]:/0:0:0:0:0:0:0:1:57882断开连接
04-03-13:14:36--[nioEventLoopGroup-3-2]--[INFO]--[filter]:非IM消息,使用html解析
04-03-13:14:36--[nioEventLoopGroup-3-2]--[INFO]--[filter]:/0:0:0:0:0:0:0:1:57883断开连接
04-03-13:14:59--[nioEventLoopGroup-3-3]--[INFO]--[filter]:/0:0:0:0:0:0:0:1:57885建立连接
04-03-13:14:59--[nioEventLoopGroup-3-4]--[INFO]--[filter]:/0:0:0:0:0:0:0:1:57886建立连接
04-03-13:14:59--[nioEventLoopGroup-3-4]--[INFO]--[filter]:非IM消息,使用html解析
04-03-13:14:59--[nioEventLoopGroup-3-3]--[INFO]--[filter]:/0:0:0:0:0:0:0:1:57885断开连接
04-03-13:14:59--[nioEventLoopGroup-3-4]--[INFO]--[filter]:/0:0:0:0:0:0:0:1:57886断开连接
04-03-13:15:17--[nioEventLoopGroup-3-5]--[INFO]--[filter]:/0:0:0:0:0:0:0:1:57887建立连接
04-03-13:15:17--[nioEventLoopGroup-3-5]--[INFO]--[filter]:/0:0:0:0:0:0:0:1:57887断开连接
04-03-13:15:17--[nioEventLoopGroup-3-6]--[INFO]--[filter]:/0:0:0:0:0:0:0:1:57888建立连接
04-03-13:15:17--[nioEventLoopGroup-3-6]--[INFO]--[filter]:非IM消息,使用html解析
04-03-13:15:17--[nioEventLoopGroup-3-6]--[INFO]--[filter]:/0:0:0:0:0:0:0:1:57888断开连接
04-03-13:17:03--[nioEventLoopGroup-3-7]--[INFO]--[filter]:/127.0.0.1:62291建立连接
04-03-13:17:34--[nioEventLoopGroup-3-1]--[INFO]--[filter]:/0:0:0:0:0:0:0:1:62296建立连接
04-03-13:17:34--[nioEventLoopGroup-3-8]--[INFO]--[filter]:/0:0:0:0:0:0:0:1:62295建立连接
04-03-13:17:34--[nioEventLoopGroup-3-1]--[INFO]--[filter]:非IM消息,使用html解析
04-03-13:17:34--[nioEventLoopGroup-3-8]--[INFO]--[filter]:/0:0:0:0:0:0:0:1:62295断开连接
04-03-13:17:34--[nioEventLoopGroup-3-1]--[INFO]--[filter]:/0:0:0:0:0:0:0:1:62296断开连接
04-03-13:18:15--[nioEventLoopGroup-3-1]--[INFO]--[filter]:/127.0.0.1:62359建立连接
04-03-13:19:16--[nioEventLoopGroup-3-2]--[INFO]--[filter]:/0:0:0:0:0:0:0:1:51927建立连接
04-03-13:19:16--[nioEventLoopGroup-3-3]--[INFO]--[filter]:/0:0:0:0:0:0:0:1:51928建立连接
04-03-13:19:16--[nioEventLoopGroup-3-3]--[INFO]--[filter]:非IM消息,使用html解析
04-03-13:19:16--[nioEventLoopGroup-3-2]--[INFO]--[filter]:/0:0:0:0:0:0:0:1:51927断开连接
04-03-13:19:16--[nioEventLoopGroup-3-3]--[INFO]--[filter]:/0:0:0:0:0:0:0:1:51928断开连接
04-03-13:19:26--[nioEventLoopGroup-3-5]--[INFO]--[filter]:/0:0:0:0:0:0:0:1:51931建立连接
04-03-13:19:26--[nioEventLoopGroup-3-4]--[INFO]--[filter]:/0:0:0:0:0:0:0:1:51930建立连接
04-03-13:19:26--[nioEventLoopGroup-3-5]--[INFO]--[filter]:非IM消息,使用html解析
04-03-13:19:26--[nioEventLoopGroup-3-4]--[INFO]--[filter]:/0:0:0:0:0:0:0:1:51930断开连接
04-03-13:19:26--[nioEventLoopGroup-3-5]--[INFO]--[filter]:/0:0:0:0:0:0:0:1:51931断开连接
04-03-13:47:23--[nioEventLoopGroup-3-1]--[INFO]--[filter]:/127.0.0.1:58323建立连接
04-03-13:47:30--[nioEventLoopGroup-3-3]--[INFO]--[filter]:/0:0:0:0:0:0:0:1:58325建立连接
04-03-13:47:30--[nioEventLoopGroup-3-2]--[INFO]--[filter]:/0:0:0:0:0:0:0:1:58324建立连接
04-03-13:47:30--[nioEventLoopGroup-3-3]--[INFO]--[filter]:非IM消息,使用html解析
04-03-13:47:30--[nioEventLoopGroup-3-2]--[INFO]--[filter]:/0:0:0:0:0:0:0:1:58324断开连接
04-03-13:47:32--[nioEventLoopGroup-3-3]--[INFO]--[filter]:/0:0:0:0:0:0:0:1:58325断开连接
04-03-13:47:56--[nioEventLoopGroup-3-4]--[INFO]--[filter]:/0:0:0:0:0:0:0:1:58326建立连接
04-03-13:47:56--[nioEventLoopGroup-3-5]--[INFO]--[filter]:/0:0:0:0:0:0:0:1:58327建立连接
04-03-13:47:56--[nioEventLoopGroup-3-5]--[INFO]--[filter]:非IM消息,使用html解析
04-03-13:47:56--[nioEventLoopGroup-3-4]--[INFO]--[filter]:/0:0:0:0:0:0:0:1:58326断开连接
04-03-13:48:16--[nioEventLoopGroup-3-5]--[INFO]--[filter]:/0:0:0:0:0:0:0:1:58327断开连接
04-03-13:50:36--[nioEventLoopGroup-3-1]--[INFO]--[filter]:/127.0.0.1:58404建立连接
04-03-13:50:45--[nioEventLoopGroup-3-2]--[INFO]--[filter]:/0:0:0:0:0:0:0:1:58405建立连接
04-03-13:50:45--[nioEventLoopGroup-3-3]--[INFO]--[filter]:/0:0:0:0:0:0:0:1:58406建立连接
04-03-13:50:45--[nioEventLoopGroup-3-3]--[INFO]--[filter]:非IM消息,使用html解析
04-03-13:50:45--[nioEventLoopGroup-3-2]--[INFO]--[filter]:/0:0:0:0:0:0:0:1:58405断开连接
04-03-13:52:12--[nioEventLoopGroup-3-3]--[INFO]--[filter]:/0:0:0:0:0:0:0:1:58406断开连接
04-03-13:52:26--[nioEventLoopGroup-3-1]--[INFO]--[filter]:/127.0.0.1:58469建立连接
04-03-13:55:17--[nioEventLoopGroup-3-1]--[INFO]--[filter]:/127.0.0.1:58546建立连接
04-03-13:55:45--[nioEventLoopGroup-3-1]--[INFO]--[filter]:/127.0.0.1:58612建立连接
04-03-13:57:17--[nioEventLoopGroup-3-1]--[INFO]--[filter]:/127.0.0.1:58679建立连接
04-03-14:01:45--[nioEventLoopGroup-3-1]--[INFO]--[filter]:/127.0.0.1:58762建立连接
04-03-14:01:50--[nioEventLoopGroup-3-2]--[INFO]--[filter]:/0:0:0:0:0:0:0:1:58763建立连接
04-03-14:01:50--[nioEventLoopGroup-3-3]--[INFO]--[filter]:/0:0:0:0:0:0:0:1:58764建立连接
04-03-14:01:50--[nioEventLoopGroup-3-3]--[INFO]--[filter]:非IM消息,使用html解析
04-03-14:01:50--[nioEventLoopGroup-3-2]--[INFO]--[filter]:/0:0:0:0:0:0:0:1:58763断开连接
04-03-14:01:50--[nioEventLoopGroup-3-3]--[INFO]--[filter]:/0:0:0:0:0:0:0:1:58764断开连接
04-03-14:03:14--[nioEventLoopGroup-3-1]--[INFO]--[filter]:/127.0.0.1:59731建立连接
04-03-14:03:16--[nioEventLoopGroup-3-3]--[INFO]--[filter]:/0:0:0:0:0:0:0:1:59733建立连接
04-03-14:03:16--[nioEventLoopGroup-3-2]--[INFO]--[filter]:/0:0:0:0:0:0:0:1:59732建立连接
04-03-14:03:16--[nioEventLoopGroup-3-3]--[INFO]--[filter]:非IM消息,使用html解析
04-03-14:03:16--[nioEventLoopGroup-3-2]--[INFO]--[filter]:/0:0:0:0:0:0:0:1:59732断开连接
04-03-14:03:17--[nioEventLoopGroup-3-3]--[INFO]--[filter]:/0:0:0:0:0:0:0:1:59733断开连接
04-03-14:05:01--[nioEventLoopGroup-3-4]--[INFO]--[filter]:/0:0:0:0:0:0:0:1:62572建立连接
04-03-14:05:01--[nioEventLoopGroup-3-4]--[INFO]--[filter]:/0:0:0:0:0:0:0:1:62572断开连接
04-03-14:05:01--[nioEventLoopGroup-3-5]--[INFO]--[filter]:/0:0:0:0:0:0:0:1:62573建立连接
04-03-14:05:01--[nioEventLoopGroup-3-5]--[INFO]--[filter]:非IM消息,使用html解析
04-03-14:05:01--[nioEventLoopGroup-3-5]--[INFO]--[filter]:/0:0:0:0:0:0:0:1:62573断开连接
04-03-14:05:35--[nioEventLoopGroup-3-6]--[INFO]--[filter]:/0:0:0:0:0:0:0:1:61926建立连接
04-03-14:05:35--[nioEventLoopGroup-3-7]--[INFO]--[filter]:/0:0:0:0:0:0:0:1:61927建立连接
04-03-14:05:35--[nioEventLoopGroup-3-6]--[INFO]--[filter]:/0:0:0:0:0:0:0:1:61926断开连接
04-03-14:05:35--[nioEventLoopGroup-3-7]--[INFO]--[filter]:非IM消息,使用html解析
04-03-14:05:35--[nioEventLoopGroup-3-7]--[INFO]--[filter]:/0:0:0:0:0:0:0:1:61927断开连接
04-03-14:11:19--[nioEventLoopGroup-3-1]--[INFO]--[filter]:/0:0:0:0:0:0:0:1:65007建立连接
04-03-14:11:19--[nioEventLoopGroup-3-8]--[INFO]--[filter]:/0:0:0:0:0:0:0:1:65006建立连接
04-03-14:11:19--[nioEventLoopGroup-3-1]--[INFO]--[filter]:非IM消息,使用html解析
04-03-14:11:19--[nioEventLoopGroup-3-8]--[INFO]--[filter]:/0:0:0:0:0:0:0:1:65006断开连接
04-03-14:11:19--[nioEventLoopGroup-3-1]--[INFO]--[filter]:/0:0:0:0:0:0:0:1:65007断开连接
04-03-14:11:28--[nioEventLoopGroup-3-2]--[INFO]--[filter]:/0:0:0:0:0:0:0:1:65009建立连接
04-03-14:11:28--[nioEventLoopGroup-3-3]--[INFO]--[filter]:/0:0:0:0:0:0:0:1:65010建立连接
04-03-14:11:28--[nioEventLoopGroup-3-3]--[INFO]--[filter]:非IM消息,使用html解析
04-03-14:11:28--[nioEventLoopGroup-3-2]--[INFO]--[filter]:/0:0:0:0:0:0:0:1:65009断开连接
04-03-14:11:28--[nioEventLoopGroup-3-3]--[INFO]--[filter]:/0:0:0:0:0:0:0:1:65010断开连接
04-03-14:12:29--[nioEventLoopGroup-3-4]--[INFO]--[filter]:/0:0:0:0:0:0:0:1:65015建立连接
04-03-14:12:29--[nioEventLoopGroup-3-4]--[INFO]--[filter]:/0:0:0:0:0:0:0:1:65015断开连接
04-03-14:12:29--[nioEventLoopGroup-3-5]--[INFO]--[filter]:/0:0:0:0:0:0:0:1:65016建立连接
04-03-14:12:29--[nioEventLoopGroup-3-5]--[INFO]--[filter]:非IM消息,使用html解析
04-03-14:12:29--[nioEventLoopGroup-3-5]--[INFO]--[filter]:/0:0:0:0:0:0:0:1:65016断开连接
04-03-14:12:42--[nioEventLoopGroup-3-2]--[INFO]--[filter]:/0:0:0:0:0:0:0:1:65042建立连接
04-03-14:12:42--[nioEventLoopGroup-3-1]--[INFO]--[filter]:/0:0:0:0:0:0:0:1:65041建立连接
04-03-14:12:42--[nioEventLoopGroup-3-1]--[INFO]--[filter]:/0:0:0:0:0:0:0:1:65041断开连接
04-03-14:12:42--[nioEventLoopGroup-3-2]--[INFO]--[filter]:非IM消息,使用html解析
04-03-14:12:42--[nioEventLoopGroup-3-2]--[INFO]--[filter]:/0:0:0:0:0:0:0:1:65042断开连接
04-03-14:12:51--[nioEventLoopGroup-3-3]--[INFO]--[filter]:/0:0:0:0:0:0:0:1:62468建立连接
04-03-14:12:51--[nioEventLoopGroup-3-4]--[INFO]--[filter]:/0:0:0:0:0:0:0:1:62469建立连接
04-03-14:12:51--[nioEventLoopGroup-3-4]--[INFO]--[filter]:非IM消息,使用html解析
04-03-14:12:51--[nioEventLoopGroup-3-3]--[INFO]--[filter]:/0:0:0:0:0:0:0:1:62468断开连接
04-03-14:12:51--[nioEventLoopGroup-3-4]--[INFO]--[filter]:/0:0:0:0:0:0:0:1:62469断开连接
04-03-14:13:01--[nioEventLoopGroup-3-5]--[INFO]--[filter]:/0:0:0:0:0:0:0:1:62470建立连接
04-03-14:13:01--[nioEventLoopGroup-3-5]--[INFO]--[filter]:/0:0:0:0:0:0:0:1:62470断开连接
04-03-14:13:01--[nioEventLoopGroup-3-6]--[INFO]--[filter]:/0:0:0:0:0:0:0:1:62471建立连接
04-03-14:13:01--[nioEventLoopGroup-3-6]--[INFO]--[filter]:非IM消息,使用html解析
04-03-14:13:01--[nioEventLoopGroup-3-6]--[INFO]--[filter]:/0:0:0:0:0:0:0:1:62471断开连接
04-03-16:45:19--[nioEventLoopGroup-3-7]--[INFO]--[filter]:/0:0:0:0:0:0:0:1:63303建立连接
04-03-16:45:19--[nioEventLoopGroup-3-8]--[INFO]--[filter]:/0:0:0:0:0:0:0:1:63304建立连接
04-03-16:45:19--[nioEventLoopGroup-3-8]--[INFO]--[filter]:非IM消息,使用html解析
04-03-16:45:19--[nioEventLoopGroup-3-7]--[INFO]--[filter]:/0:0:0:0:0:0:0:1:63303断开连接
04-03-16:45:19--[nioEventLoopGroup-3-8]--[INFO]--[filter]:/0:0:0:0:0:0:0:1:63304断开连接
04-03-16:45:46--[nioEventLoopGroup-3-1]--[INFO]--[filter]:/0:0:0:0:0:0:0:1:62956建立连接
04-03-16:45:46--[nioEventLoopGroup-3-2]--[INFO]--[filter]:/0:0:0:0:0:0:0:1:62957建立连接
04-03-16:45:46--[nioEventLoopGroup-3-1]--[INFO]--[filter]:/0:0:0:0:0:0:0:1:62956断开连接
04-03-16:45:46--[nioEventLoopGroup-3-2]--[INFO]--[filter]:非IM消息,使用html解析
04-03-16:45:47--[nioEventLoopGroup-3-2]--[INFO]--[filter]:/0:0:0:0:0:0:0:1:62957断开连接
04-03-16:47:21--[nioEventLoopGroup-3-1]--[INFO]--[filter]:/127.0.0.1:57629建立连接
04-03-16:48:09--[nioEventLoopGroup-3-2]--[INFO]--[filter]:/127.0.0.1:57639建立连接
04-03-16:49:48--[nioEventLoopGroup-3-2]--[ERROR]--[filter]:远程主机强迫关闭了一个现有的连接。
04-03-16:49:48--[nioEventLoopGroup-3-2]--[INFO]--[filter]:/127.0.0.1:57639断开连接
04-03-16:49:52--[nioEventLoopGroup-3-3]--[INFO]--[filter]:/127.0.0.1:57654建立连接
04-03-16:49:59--[nioEventLoopGroup-3-1]--[ERROR]--[filter]:远程主机强迫关闭了一个现有的连接。
04-03-16:49:59--[nioEventLoopGroup-3-1]--[INFO]--[filter]:/127.0.0.1:57629断开连接
04-03-16:50:04--[nioEventLoopGroup-3-4]--[INFO]--[filter]:/127.0.0.1:57662建立连接
04-03-16:51:24--[nioEventLoopGroup-3-3]--[ERROR]--[filter]:远程主机强迫关闭了一个现有的连接。
04-03-16:51:24--[nioEventLoopGroup-3-3]--[INFO]--[filter]:/127.0.0.1:57654断开连接
04-03-16:51:28--[nioEventLoopGroup-3-4]--[ERROR]--[filter]:远程主机强迫关闭了一个现有的连接。
04-03-16:51:28--[nioEventLoopGroup-3-4]--[INFO]--[filter]:/127.0.0.1:57662断开连接
04-03-16:51:46--[nioEventLoopGroup-3-1]--[INFO]--[filter]:/127.0.0.1:57696建立连接
04-03-16:55:13--[nioEventLoopGroup-3-1]--[ERROR]--[filter]:远程主机强迫关闭了一个现有的连接。
04-03-16:55:13--[nioEventLoopGroup-3-1]--[INFO]--[filter]:/127.0.0.1:57696断开连接
04-03-16:55:14--[nioEventLoopGroup-3-2]--[INFO]--[filter]:/127.0.0.1:57714建立连接
04-03-16:57:43--[nioEventLoopGroup-3-2]--[ERROR]--[filter]:远程主机强迫关闭了一个现有的连接。
04-03-16:57:43--[nioEventLoopGroup-3-2]--[INFO]--[filter]:/127.0.0.1:57714断开连接
04-03-16:57:50--[nioEventLoopGroup-3-3]--[INFO]--[filter]:/127.0.0.1:57732建立连接
04-03-16:59:58--[nioEventLoopGroup-3-1]--[INFO]--[filter]:/127.0.0.1:57776建立连接
04-03-17:05:16--[nioEventLoopGroup-3-1]--[INFO]--[filter]:/127.0.0.1:57829建立连接
04-03-17:08:21--[nioEventLoopGroup-3-1]--[INFO]--[filter]:/127.0.0.1:57867建立连接
04-03-17:09:33--[nioEventLoopGroup-3-1]--[ERROR]--[filter]:远程主机强迫关闭了一个现有的连接。
04-03-17:09:33--[nioEventLoopGroup-3-1]--[INFO]--[filter]:/127.0.0.1:57867断开连接
04-03-17:09:38--[nioEventLoopGroup-3-2]--[INFO]--[filter]:/127.0.0.1:57877建立连接
04-03-17:11:36--[nioEventLoopGroup-3-2]--[ERROR]--[filter]:远程主机强迫关闭了一个现有的连接。
04-03-17:11:36--[nioEventLoopGroup-3-2]--[INFO]--[filter]:/127.0.0.1:57877断开连接
04-03-17:11:40--[nioEventLoopGroup-3-3]--[INFO]--[filter]:/127.0.0.1:57892建立连接
04-03-17:15:00--[nioEventLoopGroup-3-1]--[INFO]--[filter]:/127.0.0.1:57943建立连接
04-03-17:16:25--[nioEventLoopGroup-3-1]--[INFO]--[filter]:/127.0.0.1:57976建立连接
04-03-17:16:59--[nioEventLoopGroup-3-2]--[INFO]--[filter]:/127.0.0.1:57985建立连接
04-03-17:18:18--[nioEventLoopGroup-3-1]--[ERROR]--[filter]:远程主机强迫关闭了一个现有的连接。
04-03-17:18:18--[nioEventLoopGroup-3-1]--[INFO]--[filter]:/127.0.0.1:57976断开连接
04-03-17:18:19--[nioEventLoopGroup-3-2]--[ERROR]--[filter]:远程主机强迫关闭了一个现有的连接。
04-03-17:18:19--[nioEventLoopGroup-3-2]--[INFO]--[filter]:/127.0.0.1:57985断开连接
04-03-17:18:28--[nioEventLoopGroup-3-3]--[INFO]--[filter]:/127.0.0.1:57994建立连接
04-03-17:18:38--[nioEventLoopGroup-3-4]--[INFO]--[filter]:/127.0.0.1:58002建立连接
04-03-17:22:54--[nioEventLoopGroup-3-3]--[ERROR]--[filter]:远程主机强迫关闭了一个现有的连接。
04-03-17:22:54--[nioEventLoopGroup-3-3]--[INFO]--[filter]:/127.0.0.1:57994断开连接
04-03-17:23:01--[nioEventLoopGroup-3-5]--[INFO]--[filter]:/127.0.0.1:58022建立连接
04-03-17:23:08--[nioEventLoopGroup-3-4]--[ERROR]--[filter]:远程主机强迫关闭了一个现有的连接。
04-03-17:23:08--[nioEventLoopGroup-3-4]--[INFO]--[filter]:/127.0.0.1:58002断开连接
04-03-17:23:13--[nioEventLoopGroup-3-6]--[INFO]--[filter]:/127.0.0.1:58030建立连接
04-03-18:44:56--[nioEventLoopGroup-3-5]--[ERROR]--[filter]:远程主机强迫关闭了一个现有的连接。
04-03-18:44:56--[nioEventLoopGroup-3-5]--[INFO]--[filter]:/127.0.0.1:58022断开连接
04-03-18:44:58--[nioEventLoopGroup-3-6]--[ERROR]--[filter]:远程主机强迫关闭了一个现有的连接。
04-03-18:44:58--[nioEventLoopGroup-3-6]--[INFO]--[filter]:/127.0.0.1:58030断开连接
04-03-18:46:27--[nioEventLoopGroup-3-1]--[INFO]--[filter]:/127.0.0.1:50166建立连接
04-03-18:58:33--[nioEventLoopGroup-3-1]--[INFO]--[filter]:非IM消息,使用html解析
04-03-18:58:52--[nioEventLoopGroup-3-1]--[INFO]--[filter]:/127.0.0.1:51082建立连接
04-03-18:59:05--[nioEventLoopGroup-3-2]--[INFO]--[filter]:/127.0.0.1:51098建立连接
04-03-19:08:28--[nioEventLoopGroup-3-1]--[ERROR]--[filter]:远程主机强迫关闭了一个现有的连接。
04-03-19:08:28--[nioEventLoopGroup-3-1]--[INFO]--[filter]:/127.0.0.1:51082断开连接
04-03-19:08:30--[nioEventLoopGroup-3-2]--[ERROR]--[filter]:远程主机强迫关闭了一个现有的连接。
04-03-19:08:30--[nioEventLoopGroup-3-2]--[INFO]--[filter]:/127.0.0.1:51098断开连接
04-03-19:25:03--[nioEventLoopGroup-3-3]--[INFO]--[filter]:/127.0.0.1:51985建立连接
04-03-19:43:24--[nioEventLoopGroup-3-4]--[INFO]--[filter]:/127.0.0.1:52421建立连接
04-03-19:44:08--[nioEventLoopGroup-3-4]--[ERROR]--[filter]:远程主机强迫关闭了一个现有的连接。
04-03-19:44:08--[nioEventLoopGroup-3-4]--[INFO]--[filter]:/127.0.0.1:52421断开连接
04-16-15:55:43--[nioEventLoopGroup-3-2]--[INFO]--[filter]:/0:0:0:0:0:0:0:1:65310建立连接
04-16-15:55:43--[nioEventLoopGroup-3-1]--[INFO]--[filter]:/0:0:0:0:0:0:0:1:65309建立连接
04-16-15:55:43--[nioEventLoopGroup-3-1]--[INFO]--[filter]:/0:0:0:0:0:0:0:1:65309断开连接
04-16-15:55:43--[nioEventLoopGroup-3-2]--[INFO]--[filter]:非IM消息,使用html解析
04-16-15:55:43--[nioEventLoopGroup-3-2]--[INFO]--[filter]:/0:0:0:0:0:0:0:1:65310断开连接
04-16-15:55:47--[nioEventLoopGroup-3-3]--[INFO]--[filter]:/0:0:0:0:0:0:0:1:52924建立连接
04-16-15:55:47--[nioEventLoopGroup-3-3]--[INFO]--[filter]:/0:0:0:0:0:0:0:1:52924断开连接
04-16-15:55:47--[nioEventLoopGroup-3-4]--[INFO]--[filter]:/0:0:0:0:0:0:0:1:52925建立连接
04-16-15:55:47--[nioEventLoopGroup-3-4]--[INFO]--[filter]:非IM消息,使用html解析
04-16-15:55:47--[nioEventLoopGroup-3-4]--[INFO]--[filter]:/0:0:0:0:0:0:0:1:52925断开连接
04-16-15:55:58--[nioEventLoopGroup-3-5]--[INFO]--[filter]:/0:0:0:0:0:0:0:1:52926建立连接
04-16-15:55:58--[nioEventLoopGroup-3-5]--[INFO]--[filter]:/0:0:0:0:0:0:0:1:52926断开连接
04-16-15:55:58--[nioEventLoopGroup-3-6]--[INFO]--[filter]:/0:0:0:0:0:0:0:1:52927建立连接
04-16-15:55:58--[nioEventLoopGroup-3-6]--[INFO]--[filter]:非IM消息,使用html解析
04-16-15:56:12--[nioEventLoopGroup-3-6]--[INFO]--[filter]:/0:0:0:0:0:0:0:1:52927断开连接
04-16-15:56:28--[nioEventLoopGroup-3-7]--[INFO]--[filter]:/0:0:0:0:0:0:0:1:52930建立连接
04-16-15:56:28--[nioEventLoopGroup-3-7]--[INFO]--[filter]:/0:0:0:0:0:0:0:1:52930断开连接
04-16-15:56:28--[nioEventLoopGroup-3-8]--[INFO]--[filter]:/0:0:0:0:0:0:0:1:52931建立连接
04-16-15:56:28--[nioEventLoopGroup-3-8]--[INFO]--[filter]:非IM消息,使用html解析
04-16-15:56:29--[nioEventLoopGroup-3-8]--[INFO]--[filter]:/0:0:0:0:0:0:0:1:52931断开连接
04-16-15:56:35--[nioEventLoopGroup-3-1]--[INFO]--[filter]:/0:0:0:0:0:0:0:1:52932建立连接
04-16-15:56:35--[nioEventLoopGroup-3-2]--[INFO]--[filter]:/0:0:0:0:0:0:0:1:52933建立连接
04-16-15:56:35--[nioEventLoopGroup-3-1]--[INFO]--[filter]:/0:0:0:0:0:0:0:1:52932断开连接
04-16-15:56:35--[nioEventLoopGroup-3-2]--[INFO]--[filter]:非IM消息,使用html解析
04-16-15:56:35--[nioEventLoopGroup-3-2]--[INFO]--[filter]:/0:0:0:0:0:0:0:1:52933断开连接
04-16-15:56:41--[nioEventLoopGroup-3-3]--[INFO]--[filter]:/0:0:0:0:0:0:0:1:52934建立连接
04-16-15:56:41--[nioEventLoopGroup-3-3]--[INFO]--[filter]:/0:0:0:0:0:0:0:1:52934断开连接
04-16-15:56:41--[nioEventLoopGroup-3-4]--[INFO]--[filter]:/0:0:0:0:0:0:0:1:52935建立连接
04-16-15:56:41--[nioEventLoopGroup-3-4]--[INFO]--[filter]:非IM消息,使用html解析
04-16-15:56:42--[nioEventLoopGroup-3-4]--[INFO]--[filter]:/0:0:0:0:0:0:0:1:52935断开连接
04-16-15:56:46--[nioEventLoopGroup-3-5]--[INFO]--[filter]:/0:0:0:0:0:0:0:1:52937建立连接
04-16-15:56:46--[nioEventLoopGroup-3-5]--[INFO]--[filter]:/0:0:0:0:0:0:0:1:52937断开连接
04-16-15:56:46--[nioEventLoopGroup-3-6]--[INFO]--[filter]:/0:0:0:0:0:0:0:1:52938建立连接
04-16-15:56:46--[nioEventLoopGroup-3-6]--[INFO]--[filter]:非IM消息,使用html解析
04-16-15:56:46--[nioEventLoopGroup-3-6]--[INFO]--[filter]:/0:0:0:0:0:0:0:1:52938断开连接
04-16-15:56:50--[nioEventLoopGroup-3-7]--[INFO]--[filter]:/0:0:0:0:0:0:0:1:52939建立连接
04-16-15:56:50--[nioEventLoopGroup-3-7]--[INFO]--[filter]:/0:0:0:0:0:0:0:1:52939断开连接
04-16-15:56:50--[nioEventLoopGroup-3-8]--[INFO]--[filter]:/0:0:0:0:0:0:0:1:52940建立连接
04-16-15:56:50--[nioEventLoopGroup-3-8]--[INFO]--[filter]:非IM消息,使用html解析
04-16-15:56:50--[nioEventLoopGroup-3-8]--[INFO]--[filter]:/0:0:0:0:0:0:0:1:52940断开连接
04-16-15:57:00--[nioEventLoopGroup-3-1]--[INFO]--[filter]:/0:0:0:0:0:0:0:1:52941建立连接
04-16-15:57:00--[nioEventLoopGroup-3-1]--[INFO]--[filter]:/0:0:0:0:0:0:0:1:52941断开连接
04-16-15:57:00--[nioEventLoopGroup-3-2]--[INFO]--[filter]:/0:0:0:0:0:0:0:1:52942建立连接
04-16-15:57:00--[nioEventLoopGroup-3-2]--[INFO]--[filter]:非IM消息,使用html解析
04-16-15:57:03--[nioEventLoopGroup-3-2]--[INFO]--[filter]:/0:0:0:0:0:0:0:1:52942断开连接
04-16-15:57:04--[nioEventLoopGroup-3-3]--[INFO]--[filter]:/0:0:0:0:0:0:0:1:52943建立连接
04-16-15:57:04--[nioEventLoopGroup-3-3]--[INFO]--[filter]:/0:0:0:0:0:0:0:1:52943断开连接
04-16-15:57:04--[nioEventLoopGroup-3-4]--[INFO]--[filter]:/0:0:0:0:0:0:0:1:52944建立连接
04-16-15:57:04--[nioEventLoopGroup-3-4]--[INFO]--[filter]:非IM消息,使用html解析
04-16-15:57:04--[nioEventLoopGroup-3-4]--[INFO]--[filter]:/0:0:0:0:0:0:0:1:52944断开连接
04-16-16:00:49--[nioEventLoopGroup-3-5]--[INFO]--[filter]:/0:0:0:0:0:0:0:1:58181建立连接
04-16-16:00:49--[nioEventLoopGroup-3-5]--[INFO]--[filter]:/0:0:0:0:0:0:0:1:58181断开连接
04-16-16:00:49--[nioEventLoopGroup-3-6]--[INFO]--[filter]:/0:0:0:0:0:0:0:1:58182建立连接
04-16-16:00:49--[nioEventLoopGroup-3-6]--[INFO]--[filter]:非IM消息,使用html解析
04-16-16:00:49--[nioEventLoopGroup-3-6]--[INFO]--[filter]:/0:0:0:0:0:0:0:1:58182断开连接
04-16-16:02:37--[nioEventLoopGroup-3-7]--[INFO]--[filter]:/0:0:0:0:0:0:0:1:58265建立连接
04-16-16:02:37--[nioEventLoopGroup-3-8]--[INFO]--[filter]:/0:0:0:0:0:0:0:1:58266建立连接
04-16-16:02:37--[nioEventLoopGroup-3-8]--[INFO]--[filter]:非IM消息,使用html解析
04-16-16:02:37--[nioEventLoopGroup-3-7]--[INFO]--[filter]:/0:0:0:0:0:0:0:1:58265断开连接
04-16-16:02:37--[nioEventLoopGroup-3-8]--[INFO]--[filter]:/0:0:0:0:0:0:0:1:58266断开连接
04-16-16:17:43--[nioEventLoopGroup-3-1]--[INFO]--[filter]:/0:0:0:0:0:0:0:1:64084建立连接
04-16-16:17:43--[nioEventLoopGroup-3-2]--[INFO]--[filter]:/0:0:0:0:0:0:0:1:64085建立连接
04-16-16:17:43--[nioEventLoopGroup-3-1]--[INFO]--[filter]:/0:0:0:0:0:0:0:1:64084断开连接
04-16-16:17:43--[nioEventLoopGroup-3-2]--[INFO]--[filter]:非IM消息,使用html解析
04-16-16:17:44--[nioEventLoopGroup-3-2]--[INFO]--[filter]:/0:0:0:0:0:0:0:1:64085断开连接
04-16-16:20:52--[nioEventLoopGroup-3-3]--[INFO]--[filter]:/0:0:0:0:0:0:0:1:64189建立连接
04-16-16:20:52--[nioEventLoopGroup-3-4]--[INFO]--[filter]:/0:0:0:0:0:0:0:1:64190建立连接
04-16-16:20:52--[nioEventLoopGroup-3-4]--[INFO]--[filter]:非IM消息,使用html解析
04-16-16:20:52--[nioEventLoopGroup-3-3]--[INFO]--[filter]:/0:0:0:0:0:0:0:1:64189断开连接
04-16-16:20:52--[nioEventLoopGroup-3-4]--[INFO]--[filter]:/0:0:0:0:0:0:0:1:64190断开连接
04-16-16:26:03--[nioEventLoopGroup-3-2]--[INFO]--[filter]:/0:0:0:0:0:0:0:1:58281建立连接
04-16-16:26:03--[nioEventLoopGroup-3-1]--[INFO]--[filter]:/0:0:0:0:0:0:0:1:58280建立连接
04-16-16:26:03--[nioEventLoopGroup-3-1]--[INFO]--[filter]:/0:0:0:0:0:0:0:1:58280断开连接
04-16-16:26:03--[nioEventLoopGroup-3-2]--[INFO]--[filter]:非IM消息,使用html解析
04-16-16:26:03--[nioEventLoopGroup-3-2]--[INFO]--[filter]:/0:0:0:0:0:0:0:1:58281断开连接
04-16-16:30:11--[nioEventLoopGroup-3-1]--[INFO]--[filter]:/0:0:0:0:0:0:0:1:58416建立连接
04-16-16:30:11--[nioEventLoopGroup-3-2]--[INFO]--[filter]:/0:0:0:0:0:0:0:1:58417建立连接
04-16-16:30:11--[nioEventLoopGroup-3-1]--[INFO]--[filter]:/0:0:0:0:0:0:0:1:58416断开连接
04-16-16:30:11--[nioEventLoopGroup-3-2]--[INFO]--[filter]:非IM消息,使用html解析
04-16-16:30:11--[nioEventLoopGroup-3-2]--[INFO]--[filter]:/0:0:0:0:0:0:0:1:58417断开连接
04-16-16:31:33--[nioEventLoopGroup-3-1]--[INFO]--[filter]:/0:0:0:0:0:0:0:1:58458建立连接
04-16-16:31:33--[nioEventLoopGroup-3-2]--[INFO]--[filter]:/0:0:0:0:0:0:0:1:58459建立连接
04-16-16:31:33--[nioEventLoopGroup-3-1]--[INFO]--[filter]:/0:0:0:0:0:0:0:1:58458断开连接
04-16-16:31:33--[nioEventLoopGroup-3-2]--[INFO]--[filter]:非IM消息,使用html解析
04-16-16:31:33--[nioEventLoopGroup-3-2]--[INFO]--[filter]:/0:0:0:0:0:0:0:1:58459断开连接
04-16-16:31:42--[nioEventLoopGroup-3-3]--[INFO]--[filter]:/0:0:0:0:0:0:0:1:53078建立连接
04-16-16:31:42--[nioEventLoopGroup-3-4]--[INFO]--[filter]:/0:0:0:0:0:0:0:1:53079建立连接
04-16-16:31:42--[nioEventLoopGroup-3-4]--[INFO]--[filter]:非IM消息,使用html解析
04-16-16:31:42--[nioEventLoopGroup-3-3]--[INFO]--[filter]:/0:0:0:0:0:0:0:1:53078断开连接
04-16-16:31:43--[nioEventLoopGroup-3-4]--[INFO]--[filter]:/0:0:0:0:0:0:0:1:53079断开连接
04-16-16:39:51--[nioEventLoopGroup-3-1]--[INFO]--[filter]:/0:0:0:0:0:0:0:1:62224建立连接
04-16-16:39:51--[nioEventLoopGroup-3-2]--[INFO]--[filter]:/0:0:0:0:0:0:0:1:62225建立连接
04-16-16:39:51--[nioEventLoopGroup-3-1]--[INFO]--[filter]:/0:0:0:0:0:0:0:1:62224断开连接
04-16-16:39:51--[nioEventLoopGroup-3-2]--[INFO]--[filter]:非IM消息,使用html解析
04-16-16:39:52--[nioEventLoopGroup-3-2]--[INFO]--[filter]:/0:0:0:0:0:0:0:1:62225断开连接
04-16-16:40:02--[nioEventLoopGroup-3-3]--[INFO]--[filter]:/0:0:0:0:0:0:0:1:64958建立连接
04-16-16:40:02--[nioEventLoopGroup-3-4]--[INFO]--[filter]:/0:0:0:0:0:0:0:1:64959建立连接
04-16-16:40:02--[nioEventLoopGroup-3-3]--[INFO]--[filter]:/0:0:0:0:0:0:0:1:64958断开连接
04-16-16:40:02--[nioEventLoopGroup-3-4]--[INFO]--[filter]:非IM消息,使用html解析
04-16-16:40:03--[nioEventLoopGroup-3-4]--[INFO]--[filter]:/0:0:0:0:0:0:0:1:64959断开连接
04-16-16:40:07--[nioEventLoopGroup-3-5]--[INFO]--[filter]:/0:0:0:0:0:0:0:1:64960建立连接
04-16-16:40:07--[nioEventLoopGroup-3-6]--[INFO]--[filter]:/0:0:0:0:0:0:0:1:64961建立连接
04-16-16:40:07--[nioEventLoopGroup-3-5]--[INFO]--[filter]:/0:0:0:0:0:0:0:1:64960断开连接
04-16-16:40:07--[nioEventLoopGroup-3-6]--[INFO]--[filter]:非IM消息,使用html解析
04-16-16:40:07--[nioEventLoopGroup-3-6]--[INFO]--[filter]:/0:0:0:0:0:0:0:1:64961断开连接
04-16-16:55:27--[nioEventLoopGroup-3-7]--[INFO]--[filter]:/127.0.0.1:56749建立连接
04-16-16:56:47--[nioEventLoopGroup-3-8]--[INFO]--[filter]:/127.0.0.1:56762建立连接
04-16-16:58:42--[nioEventLoopGroup-3-7]--[ERROR]--[filter]:远程主机强迫关闭了一个现有的连接。
04-16-16:58:42--[nioEventLoopGroup-3-7]--[INFO]--[filter]:/127.0.0.1:56749断开连接
04-16-16:58:44--[nioEventLoopGroup-3-8]--[ERROR]--[filter]:远程主机强迫关闭了一个现有的连接。
04-16-16:58:44--[nioEventLoopGroup-3-8]--[INFO]--[filter]:/127.0.0.1:56762断开连接
04-16-16:58:51--[nioEventLoopGroup-3-1]--[INFO]--[filter]:/127.0.0.1:56787建立连接
04-16-16:59:46--[nioEventLoopGroup-3-1]--[ERROR]--[filter]:远程主机强迫关闭了一个现有的连接。
04-16-16:59:46--[nioEventLoopGroup-3-1]--[INFO]--[filter]:/127.0.0.1:56787断开连接
04-16-16:59:53--[nioEventLoopGroup-3-2]--[INFO]--[filter]:/127.0.0.1:56802建立连接
04-16-17:02:10--[nioEventLoopGroup-3-3]--[INFO]--[filter]:/127.0.0.1:56816建立连接
04-16-17:04:00--[nioEventLoopGroup-3-2]--[ERROR]--[filter]:远程主机强迫关闭了一个现有的连接。
04-16-17:04:00--[nioEventLoopGroup-3-2]--[INFO]--[filter]:/127.0.0.1:56802断开连接
04-16-17:04:01--[nioEventLoopGroup-3-3]--[ERROR]--[filter]:远程主机强迫关闭了一个现有的连接。
04-16-17:04:01--[nioEventLoopGroup-3-3]--[INFO]--[filter]:/127.0.0.1:56816断开连接
04-16-17:04:24--[nioEventLoopGroup-3-1]--[INFO]--[filter]:/0:0:0:0:0:0:0:1:56631建立连接
04-16-17:04:24--[nioEventLoopGroup-3-2]--[INFO]--[filter]:/0:0:0:0:0:0:0:1:56632建立连接
04-16-17:04:24--[nioEventLoopGroup-3-1]--[INFO]--[filter]:/0:0:0:0:0:0:0:1:56631断开连接
04-16-17:04:24--[nioEventLoopGroup-3-2]--[INFO]--[filter]:非IM消息,使用html解析
04-16-17:04:24--[nioEventLoopGroup-3-2]--[INFO]--[filter]:/0:0:0:0:0:0:0:1:56632断开连接
04-16-17:04:50--[nioEventLoopGroup-3-3]--[INFO]--[filter]:/0:0:0:0:0:0:0:1:56635建立连接
04-16-17:04:50--[nioEventLoopGroup-3-4]--[INFO]--[filter]:/0:0:0:0:0:0:0:1:56636建立连接
04-16-17:04:50--[nioEventLoopGroup-3-3]--[INFO]--[filter]:/0:0:0:0:0:0:0:1:56635断开连接
04-16-17:04:50--[nioEventLoopGroup-3-4]--[INFO]--[filter]:非IM消息,使用html解析
04-16-17:04:50--[nioEventLoopGroup-3-4]--[INFO]--[filter]:/0:0:0:0:0:0:0:1:56636断开连接
04-16-17:12:13--[nioEventLoopGroup-3-5]--[INFO]--[filter]:/0:0:0:0:0:0:0:1:49533建立连接
04-16-17:12:13--[nioEventLoopGroup-3-6]--[INFO]--[filter]:/0:0:0:0:0:0:0:1:49534建立连接
04-16-17:12:13--[nioEventLoopGroup-3-5]--[INFO]--[filter]:/0:0:0:0:0:0:0:1:49533断开连接
04-16-17:12:13--[nioEventLoopGroup-3-6]--[INFO]--[filter]:非IM消息,使用html解析
04-16-17:12:13--[nioEventLoopGroup-3-6]--[INFO]--[filter]:/0:0:0:0:0:0:0:1:49534断开连接
04-16-17:12:56--[nioEventLoopGroup-3-7]--[INFO]--[filter]:/0:0:0:0:0:0:0:1:57007建立连接
04-16-17:12:56--[nioEventLoopGroup-3-8]--[INFO]--[filter]:/0:0:0:0:0:0:0:1:57008建立连接
04-16-17:12:56--[nioEventLoopGroup-3-8]--[INFO]--[filter]:非IM消息,使用html解析
04-16-17:12:56--[nioEventLoopGroup-3-7]--[INFO]--[filter]:/0:0:0:0:0:0:0:1:57007断开连接
04-16-17:12:56--[nioEventLoopGroup-3-8]--[INFO]--[filter]:/0:0:0:0:0:0:0:1:57008断开连接
04-16-20:12:15--[nioEventLoopGroup-3-1]--[INFO]--[filter]:/127.0.0.1:65151建立连接
04-16-20:12:37--[nioEventLoopGroup-3-1]--[INFO]--[filter]:/0:0:0:0:0:0:0:1:60625建立连接
04-16-20:12:37--[nioEventLoopGroup-3-2]--[INFO]--[filter]:/0:0:0:0:0:0:0:1:60626建立连接
04-16-20:12:37--[nioEventLoopGroup-3-1]--[INFO]--[filter]:/0:0:0:0:0:0:0:1:60625断开连接
04-16-20:12:37--[nioEventLoopGroup-3-2]--[INFO]--[filter]:非IM消息,使用html解析
04-16-20:26:35--[nioEventLoopGroup-3-2]--[INFO]--[filter]:/0:0:0:0:0:0:0:1:60956建立连接
04-16-20:26:35--[nioEventLoopGroup-3-1]--[INFO]--[filter]:/0:0:0:0:0:0:0:1:60955建立连接
04-16-20:26:35--[nioEventLoopGroup-3-1]--[INFO]--[filter]:/0:0:0:0:0:0:0:1:60955断开连接
04-16-20:26:35--[nioEventLoopGroup-3-2]--[INFO]--[filter]:非IM消息,使用html解析
04-16-20:27:46--[nioEventLoopGroup-3-2]--[INFO]--[filter]:/0:0:0:0:0:0:0:1:60956断开连接
04-16-20:28:05--[nioEventLoopGroup-3-3]--[INFO]--[filter]:/0:0:0:0:0:0:0:1:63741建立连接
04-16-20:28:05--[nioEventLoopGroup-3-4]--[INFO]--[filter]:/0:0:0:0:0:0:0:1:63742建立连接
04-16-20:28:05--[nioEventLoopGroup-3-4]--[INFO]--[filter]:非IM消息,使用html解析
04-16-20:28:05--[nioEventLoopGroup-3-3]--[INFO]--[filter]:/0:0:0:0:0:0:0:1:63741断开连接
04-16-20:35:41--[nioEventLoopGroup-3-4]--[INFO]--[filter]:/0:0:0:0:0:0:0:1:63742断开连接
04-16-20:35:45--[nioEventLoopGroup-3-5]--[INFO]--[filter]:/0:0:0:0:0:0:0:1:57074建立连接
04-16-20:35:45--[nioEventLoopGroup-3-6]--[INFO]--[filter]:/0:0:0:0:0:0:0:1:57075建立连接
04-16-20:35:45--[nioEventLoopGroup-3-6]--[INFO]--[filter]:非IM消息,使用html解析
04-16-20:35:45--[nioEventLoopGroup-3-5]--[INFO]--[filter]:/0:0:0:0:0:0:0:1:57074断开连接
04-16-20:37:49--[nioEventLoopGroup-3-2]--[INFO]--[filter]:/0:0:0:0:0:0:0:1:61125建立连接
04-16-20:37:49--[nioEventLoopGroup-3-1]--[INFO]--[filter]:/0:0:0:0:0:0:0:1:61124建立连接
04-16-20:37:49--[nioEventLoopGroup-3-1]--[INFO]--[filter]:/0:0:0:0:0:0:0:1:61124断开连接
04-16-20:37:49--[nioEventLoopGroup-3-2]--[INFO]--[filter]:非IM消息,使用html解析
04-16-20:40:00--[nioEventLoopGroup-3-2]--[INFO]--[filter]:/0:0:0:0:0:0:0:1:61125断开连接
04-16-20:42:40--[nioEventLoopGroup-3-2]--[INFO]--[filter]:/0:0:0:0:0:0:0:1:62140建立连接
04-16-20:42:40--[nioEventLoopGroup-3-1]--[INFO]--[filter]:/0:0:0:0:0:0:0:1:62139建立连接
04-16-20:42:40--[nioEventLoopGroup-3-1]--[INFO]--[filter]:/0:0:0:0:0:0:0:1:62139断开连接
04-16-20:42:40--[nioEventLoopGroup-3-2]--[INFO]--[filter]:非IM消息,使用html解析
04-16-20:42:40--[nioEventLoopGroup-3-2]--[INFO]--[filter]:/0:0:0:0:0:0:0:1:62140断开连接
04-16-20:42:56--[nioEventLoopGroup-3-1]--[INFO]--[filter]:/0:0:0:0:0:0:0:1:62165建立连接
04-16-20:42:56--[nioEventLoopGroup-3-2]--[INFO]--[filter]:/0:0:0:0:0:0:0:1:62166建立连接
04-16-20:42:56--[nioEventLoopGroup-3-1]--[INFO]--[filter]:/0:0:0:0:0:0:0:1:62165断开连接
04-16-20:42:56--[nioEventLoopGroup-3-2]--[INFO]--[filter]:非IM消息,使用html解析
04-16-20:44:03--[nioEventLoopGroup-3-4]--[INFO]--[filter]:/0:0:0:0:0:0:0:1:62169建立连接
04-16-20:44:03--[nioEventLoopGroup-3-3]--[INFO]--[filter]:/0:0:0:0:0:0:0:1:62168建立连接
04-16-20:44:03--[nioEventLoopGroup-3-4]--[INFO]--[filter]:非IM消息,使用html解析
04-16-20:44:03--[nioEventLoopGroup-3-3]--[INFO]--[filter]:/0:0:0:0:0:0:0:1:62168断开连接
04-16-21:18:36--[nioEventLoopGroup-3-1]--[INFO]--[filter]:/0:0:0:0:0:0:0:1:51575建立连接
04-16-21:18:36--[nioEventLoopGroup-3-2]--[INFO]--[filter]:/0:0:0:0:0:0:0:1:51576建立连接
04-16-21:18:36--[nioEventLoopGroup-3-2]--[INFO]--[filter]:非IM消息,使用html解析
04-16-21:18:36--[nioEventLoopGroup-3-1]--[INFO]--[filter]:/0:0:0:0:0:0:0:1:51575断开连接
04-16-21:18:37--[nioEventLoopGroup-3-2]--[INFO]--[filter]:/0:0:0:0:0:0:0:1:51576断开连接
04-16-21:19:23--[nioEventLoopGroup-3-2]--[INFO]--[filter]:/0:0:0:0:0:0:0:1:51963建立连接
04-16-21:19:23--[nioEventLoopGroup-3-1]--[INFO]--[filter]:/0:0:0:0:0:0:0:1:51962建立连接
04-16-21:19:23--[nioEventLoopGroup-3-2]--[INFO]--[filter]:非IM消息,使用html解析
04-16-21:19:23--[nioEventLoopGroup-3-1]--[INFO]--[filter]:/0:0:0:0:0:0:0:1:51962断开连接
04-16-21:22:09--[nioEventLoopGroup-3-2]--[INFO]--[filter]:/0:0:0:0:0:0:0:1:51963断开连接
04-16-21:22:12--[nioEventLoopGroup-3-3]--[INFO]--[filter]:/0:0:0:0:0:0:0:1:51973建立连接
04-16-21:22:12--[nioEventLoopGroup-3-4]--[INFO]--[filter]:/0:0:0:0:0:0:0:1:51974建立连接
04-16-21:22:12--[nioEventLoopGroup-3-4]--[INFO]--[filter]:非IM消息,使用html解析
04-16-21:22:12--[nioEventLoopGroup-3-3]--[INFO]--[filter]:/0:0:0:0:0:0:0:1:51973断开连接
04-16-21:37:02--[nioEventLoopGroup-3-4]--[INFO]--[filter]:/0:0:0:0:0:0:0:1:51974断开连接
04-16-21:37:13--[nioEventLoopGroup-3-2]--[INFO]--[filter]:/0:0:0:0:0:0:0:1:60543建立连接
04-16-21:37:13--[nioEventLoopGroup-3-1]--[INFO]--[filter]:/0:0:0:0:0:0:0:1:60542建立连接
04-16-21:37:13--[nioEventLoopGroup-3-1]--[INFO]--[filter]:/0:0:0:0:0:0:0:1:60542断开连接
04-16-21:37:13--[nioEventLoopGroup-3-2]--[INFO]--[filter]:非IM消息,使用html解析
04-16-21:37:13--[nioEventLoopGroup-3-2]--[INFO]--[filter]:/0:0:0:0:0:0:0:1:60543断开连接
04-16-21:37:42--[nioEventLoopGroup-3-3]--[INFO]--[filter]:/0:0:0:0:0:0:0:1:52912建立连接
04-16-21:37:42--[nioEventLoopGroup-3-3]--[INFO]--[filter]:/0:0:0:0:0:0:0:1:52912断开连接
04-16-21:37:42--[nioEventLoopGroup-3-4]--[INFO]--[filter]:/0:0:0:0:0:0:0:1:52913建立连接
04-16-21:37:42--[nioEventLoopGroup-3-4]--[INFO]--[filter]:非IM消息,使用html解析
04-16-21:37:42--[nioEventLoopGroup-3-4]--[INFO]--[filter]:/0:0:0:0:0:0:0:1:52913断开连接
04-16-21:42:54--[nioEventLoopGroup-3-1]--[INFO]--[filter]:/0:0:0:0:0:0:0:1:58602建立连接
04-16-21:42:54--[nioEventLoopGroup-3-2]--[INFO]--[filter]:/0:0:0:0:0:0:0:1:58603建立连接
04-16-21:42:54--[nioEventLoopGroup-3-1]--[INFO]--[filter]:/0:0:0:0:0:0:0:1:58602断开连接
04-16-21:42:54--[nioEventLoopGroup-3-2]--[INFO]--[filter]:非IM消息,使用html解析
04-16-21:42:55--[nioEventLoopGroup-3-2]--[INFO]--[filter]:/0:0:0:0:0:0:0:1:58603断开连接
04-16-21:43:04--[nioEventLoopGroup-3-3]--[INFO]--[filter]:/0:0:0:0:0:0:0:1:59255建立连接
04-16-21:43:04--[nioEventLoopGroup-3-4]--[INFO]--[filter]:/0:0:0:0:0:0:0:1:59256建立连接
04-16-21:43:04--[nioEventLoopGroup-3-4]--[INFO]--[filter]:非IM消息,使用html解析
04-16-21:43:04--[nioEventLoopGroup-3-3]--[INFO]--[filter]:/0:0:0:0:0:0:0:1:59255断开连接
04-16-21:43:04--[nioEventLoopGroup-3-4]--[INFO]--[filter]:/0:0:0:0:0:0:0:1:59256断开连接
04-16-21:43:46--[nioEventLoopGroup-3-5]--[INFO]--[filter]:/0:0:0:0:0:0:0:1:59258建立连接
04-16-21:43:46--[nioEventLoopGroup-3-5]--[INFO]--[filter]:/0:0:0:0:0:0:0:1:59258断开连接
04-16-21:43:46--[nioEventLoopGroup-3-6]--[INFO]--[filter]:/0:0:0:0:0:0:0:1:59259建立连接
04-16-21:43:46--[nioEventLoopGroup-3-6]--[INFO]--[filter]:非IM消息,使用html解析
04-16-21:44:06--[nioEventLoopGroup-3-6]--[INFO]--[filter]:/0:0:0:0:0:0:0:1:59259断开连接
04-16-21:49:23--[nioEventLoopGroup-3-2]--[INFO]--[filter]:/0:0:0:0:0:0:0:1:59322建立连接
04-16-21:49:23--[nioEventLoopGroup-3-1]--[INFO]--[filter]:/0:0:0:0:0:0:0:1:59321建立连接
04-16-21:49:23--[nioEventLoopGroup-3-1]--[INFO]--[filter]:/0:0:0:0:0:0:0:1:59321断开连接
04-16-21:49:23--[nioEventLoopGroup-3-2]--[INFO]--[filter]:非IM消息,使用html解析
04-16-21:49:23--[nioEventLoopGroup-3-2]--[INFO]--[filter]:/0:0:0:0:0:0:0:1:59322断开连接
04-16-21:49:31--[nioEventLoopGroup-3-3]--[INFO]--[filter]:/0:0:0:0:0:0:0:1:63391建立连接
04-16-21:49:31--[nioEventLoopGroup-3-4]--[INFO]--[filter]:/0:0:0:0:0:0:0:1:63392建立连接
04-16-21:49:31--[nioEventLoopGroup-3-4]--[INFO]--[filter]:非IM消息,使用html解析
04-16-21:49:31--[nioEventLoopGroup-3-3]--[INFO]--[filter]:/0:0:0:0:0:0:0:1:63391断开连接
04-16-21:49:31--[nioEventLoopGroup-3-4]--[INFO]--[filter]:/0:0:0:0:0:0:0:1:63392断开连接
04-16-21:49:44--[nioEventLoopGroup-3-5]--[INFO]--[filter]:/0:0:0:0:0:0:0:1:63212建立连接
04-16-21:49:44--[nioEventLoopGroup-3-5]--[INFO]--[filter]:/0:0:0:0:0:0:0:1:63212断开连接
04-16-21:49:44--[nioEventLoopGroup-3-6]--[INFO]--[filter]:/0:0:0:0:0:0:0:1:63213建立连接
04-16-21:49:44--[nioEventLoopGroup-3-6]--[INFO]--[filter]:非IM消息,使用html解析
04-16-21:49:44--[nioEventLoopGroup-3-6]--[INFO]--[filter]:/0:0:0:0:0:0:0:1:63213断开连接
04-16-21:49:52--[nioEventLoopGroup-3-7]--[INFO]--[filter]:/0:0:0:0:0:0:0:1:63215建立连接
04-16-21:49:52--[nioEventLoopGroup-3-8]--[INFO]--[filter]:/0:0:0:0:0:0:0:1:63216建立连接
04-16-21:49:52--[nioEventLoopGroup-3-7]--[INFO]--[filter]:/0:0:0:0:0:0:0:1:63215断开连接
04-16-21:49:52--[nioEventLoopGroup-3-8]--[INFO]--[filter]:非IM消息,使用html解析
04-16-21:49:52--[nioEventLoopGroup-3-8]--[INFO]--[filter]:/0:0:0:0:0:0:0:1:63216断开连接
04-16-21:49:56--[nioEventLoopGroup-3-1]--[INFO]--[filter]:/0:0:0:0:0:0:0:1:63217建立连接
04-16-21:49:56--[nioEventLoopGroup-3-1]--[INFO]--[filter]:/0:0:0:0:0:0:0:1:63217断开连接
04-16-21:49:56--[nioEventLoopGroup-3-2]--[INFO]--[filter]:/0:0:0:0:0:0:0:1:63218建立连接
04-16-21:49:56--[nioEventLoopGroup-3-2]--[INFO]--[filter]:非IM消息,使用html解析
04-16-21:49:56--[nioEventLoopGroup-3-2]--[INFO]--[filter]:/0:0:0:0:0:0:0:1:63218断开连接
04-16-21:50:01--[nioEventLoopGroup-3-3]--[INFO]--[filter]:/0:0:0:0:0:0:0:1:60199建立连接
04-16-21:50:01--[nioEventLoopGroup-3-4]--[INFO]--[filter]:/0:0:0:0:0:0:0:1:60200建立连接
04-16-21:50:01--[nioEventLoopGroup-3-3]--[INFO]--[filter]:/0:0:0:0:0:0:0:1:60199断开连接
04-16-21:50:01--[nioEventLoopGroup-3-4]--[INFO]--[filter]:非IM消息,使用html解析
04-16-21:50:01--[nioEventLoopGroup-3-4]--[INFO]--[filter]:/0:0:0:0:0:0:0:1:60200断开连接
04-16-21:50:05--[nioEventLoopGroup-3-5]--[INFO]--[filter]:/0:0:0:0:0:0:0:1:60202建立连接
04-16-21:50:05--[nioEventLoopGroup-3-6]--[INFO]--[filter]:/0:0:0:0:0:0:0:1:60203建立连接
04-16-21:50:05--[nioEventLoopGroup-3-5]--[INFO]--[filter]:/0:0:0:0:0:0:0:1:60202断开连接
04-16-21:50:05--[nioEventLoopGroup-3-6]--[INFO]--[filter]:非IM消息,使用html解析
04-16-21:50:05--[nioEventLoopGroup-3-6]--[INFO]--[filter]:/0:0:0:0:0:0:0:1:60203断开连接
04-16-21:50:11--[nioEventLoopGroup-3-7]--[INFO]--[filter]:/0:0:0:0:0:0:0:1:65335建立连接
04-16-21:50:11--[nioEventLoopGroup-3-8]--[INFO]--[filter]:/0:0:0:0:0:0:0:1:65336建立连接
04-16-21:50:11--[nioEventLoopGroup-3-8]--[INFO]--[filter]:非IM消息,使用html解析
04-16-21:50:11--[nioEventLoopGroup-3-7]--[INFO]--[filter]:/0:0:0:0:0:0:0:1:65335断开连接
04-16-21:50:31--[nioEventLoopGroup-3-8]--[INFO]--[filter]:/0:0:0:0:0:0:0:1:65336断开连接
04-16-21:50:56--[nioEventLoopGroup-3-1]--[INFO]--[filter]:/0:0:0:0:0:0:0:1:58084建立连接
04-16-21:50:56--[nioEventLoopGroup-3-2]--[INFO]--[filter]:/0:0:0:0:0:0:0:1:58085建立连接
04-16-21:50:56--[nioEventLoopGroup-3-1]--[INFO]--[filter]:/0:0:0:0:0:0:0:1:58084断开连接
04-16-21:50:56--[nioEventLoopGroup-3-2]--[INFO]--[filter]:非IM消息,使用html解析
04-16-21:51:00--[nioEventLoopGroup-3-2]--[INFO]--[filter]:/0:0:0:0:0:0:0:1:58085断开连接
04-16-21:51:57--[nioEventLoopGroup-3-1]--[INFO]--[filter]:/0:0:0:0:0:0:0:1:58117建立连接
04-16-21:51:57--[nioEventLoopGroup-3-2]--[INFO]--[filter]:/0:0:0:0:0:0:0:1:58118建立连接
04-16-21:51:57--[nioEventLoopGroup-3-1]--[INFO]--[filter]:/0:0:0:0:0:0:0:1:58117断开连接
04-16-21:51:57--[nioEventLoopGroup-3-2]--[INFO]--[filter]:非IM消息,使用html解析
04-16-21:54:58--[nioEventLoopGroup-3-2]--[INFO]--[filter]:/0:0:0:0:0:0:0:1:58118断开连接
04-16-21:56:35--[nioEventLoopGroup-3-1]--[INFO]--[filter]:/0:0:0:0:0:0:0:1:51824建立连接
04-16-21:56:35--[nioEventLoopGroup-3-2]--[INFO]--[filter]:/0:0:0:0:0:0:0:1:51825建立连接
04-16-21:56:35--[nioEventLoopGroup-3-1]--[INFO]--[filter]:/0:0:0:0:0:0:0:1:51824断开连接
04-16-21:56:35--[nioEventLoopGroup-3-2]--[INFO]--[filter]:非IM消息,使用html解析
04-16-21:56:35--[nioEventLoopGroup-3-2]--[INFO]--[filter]:/0:0:0:0:0:0:0:1:51825断开连接
04-17-14:40:47--[nioEventLoopGroup-3-1]--[INFO]--[filter]:/0:0:0:0:0:0:0:1:55324建立连接
04-17-14:40:47--[nioEventLoopGroup-3-2]--[INFO]--[filter]:/0:0:0:0:0:0:0:1:55325建立连接
04-17-14:40:47--[nioEventLoopGroup-3-1]--[INFO]--[filter]:/0:0:0:0:0:0:0:1:55324断开连接
04-17-14:40:47--[nioEventLoopGroup-3-2]--[INFO]--[filter]:非IM消息,使用html解析
04-17-14:40:47--[nioEventLoopGroup-3-2]--[INFO]--[filter]:/0:0:0:0:0:0:0:1:55325断开连接
